2020.05.08 14:55:38 INFO  started: Metals version 0.9.0 in workspace '/Users/objektwerks/workspace/scala.json'
2020.05.08 14:55:40 INFO  time: initialize in 1.7s
2020.05.08 14:55:43 INFO  running '/Library/Java/JavaVirtualMachines/adoptopenjdk-11.jdk/Contents/Home/bin/java -Djline.terminal=jline.UnsupportedTerminal -Dsbt.log.noformat=true -Dfile.encoding=UTF-8 -jar /var/folders/cd/1wkmn_gn2d164ch7c66b_46h0000gn/T/metals4129615123863124887/sbt-launch.jar -Dbloop.export-jar-classifiers=sources bloopInstall'
2020.05.08 14:55:51 INFO  [info] Loading global plugins from /Users/objektwerks/.sbt/1.0/plugins
2020.05.08 14:55:55 INFO  no build target: using presentation compiler with only scala-library
2020.05.08 14:55:57 INFO  [info] Loading settings for project scala-json-build from plugins.sbt,metals.sbt ...
2020.05.08 14:55:57 INFO  [info] Loading project definition from /Users/objektwerks/workspace/scala.json/project
2020.05.08 14:56:00 INFO  [warn] There may be incompatibilities among your library dependencies; run 'evicted' to see detailed eviction warnings.
2020.05.08 14:56:04 INFO  [info] Loading settings for project scala-json from build.sbt ...
2020.05.08 14:56:04 INFO  [info] Set current project to scala.json (in build file:/Users/objektwerks/workspace/scala.json/)
2020.05.08 14:56:08 INFO  [success] Generated .bloop/scala-json-test.json
2020.05.08 14:56:08 INFO  [success] Generated .bloop/scala-json.json
2020.05.08 14:56:08 INFO  [success] Total time: 4 s, completed May 8, 2020, 2:56:08 PM
2020.05.08 14:56:08 INFO  build tool exit: 0
2020.05.08 14:56:08 INFO  time: ran 'sbt bloopInstall' in 24s
Starting the bsp launcher for bloop...
Opening a bsp server connection with 'bsp --protocol local --socket /var/folders/cd/1wkmn_gn2d164ch7c66b_46h0000gn/T/bsp-launcher1232042515573520906/bsp.socket'...
Waiting for the bsp connection to come up...
[0m[32m[D][0m Loading 2 projects from '/Users/objektwerks/workspace/scala.json/.bloop'...
[0m[32m[D][0m Loading project from '/Users/objektwerks/workspace/scala.json/.bloop/scala-json-test.json'
[0m[32m[D][0m Loading project from '/Users/objektwerks/workspace/scala.json/.bloop/scala-json.json'
[0m[32m[D][0m Cache miss for scala instance org.scala-lang:scala-compiler:2.12.10.
[0m[32m[D][0m   => /Users/objektwerks/.sbt/boot/scala-2.12.10/lib/jansi.jar
[0m[32m[D][0m   => /Users/objektwerks/.sbt/boot/scala-2.12.10/lib/jline.jar
[0m[32m[D][0m   => /Users/objektwerks/.sbt/boot/scala-2.12.10/lib/scala-compiler.jar
[0m[32m[D][0m   => /Users/objektwerks/.sbt/boot/scala-2.12.10/lib/scala-library.jar
[0m[32m[D][0m   => /Users/objektwerks/.sbt/boot/scala-2.12.10/lib/scala-reflect.jar
[0m[32m[D][0m   => /Users/objektwerks/.sbt/boot/scala-2.12.10/lib/scala-xml_2.12.jar
[0m[32m[D][0m Missing analysis file for project 'scala-json-test'
[0m[32m[D][0m Missing analysis file for project 'scala-json'
[0m[32m[D][0m Waiting for a connection at local:///var/folders/cd/1wkmn_gn2d164ch7c66b_46h0000gn/T/bsp-launcher1232042515573520906/bsp.socket...
The server is listening for incoming connections at local:///var/folders/cd/1wkmn_gn2d164ch7c66b_46h0000gn/T/bsp-launcher1232042515573520906/bsp.socket...
Starting thread that pumps stdin and redirects it to the bsp server...
Starting thread that pumps server stdout and redirects it to the client stdout...
2020.05.08 14:56:09 INFO  tracing is disabled for protocol BSP, to enable tracing of incoming and outgoing JSON messages create an empty file at /Users/objektwerks/Library/Caches/org.scalameta.metals/bsp.trace.json
2020.05.08 14:56:12 INFO  time: connected to build server in 3.41s
2020.05.08 14:56:12 INFO  Connected to Build server v1.4.0-RC1
2020.05.08 14:56:18 INFO  time: indexed workspace in 6.44s
2020.05.08 14:56:45 INFO  skipping build import with status 'Dismissed'
2020.05.08 14:56:57 INFO  skipping build import with status 'Dismissed'
2020.05.08 14:57:08 INFO  skipping build import with status 'Dismissed'
2020.05.08 14:58:19 INFO  running '/Library/Java/JavaVirtualMachines/adoptopenjdk-11.jdk/Contents/Home/bin/java -Djline.terminal=jline.UnsupportedTerminal -Dsbt.log.noformat=true -Dfile.encoding=UTF-8 -jar /var/folders/cd/1wkmn_gn2d164ch7c66b_46h0000gn/T/metals14373661106451600415/sbt-launch.jar -Dbloop.export-jar-classifiers=sources bloopInstall'
2020.05.08 14:58:25 INFO  [info] Loading global plugins from /Users/objektwerks/.sbt/1.0/plugins
2020.05.08 14:58:29 INFO  [info] Loading settings for project scala-json-build from plugins.sbt,metals.sbt ...
2020.05.08 14:58:29 INFO  [info] Loading project definition from /Users/objektwerks/workspace/scala.json/project
2020.05.08 14:58:31 INFO  [warn] There may be incompatibilities among your library dependencies; run 'evicted' to see detailed eviction warnings.
2020.05.08 14:58:34 INFO  [info] Loading settings for project scala-json from build.sbt ...
2020.05.08 14:58:34 INFO  [info] Set current project to scala.json (in build file:/Users/objektwerks/workspace/scala.json/)
2020.05.08 14:58:36 INFO  [success] Generated .bloop/scala-json.json
2020.05.08 14:58:36 INFO  [success] Generated .bloop/scala-json-test.json
2020.05.08 14:58:36 INFO  [success] Total time: 1 s, completed May 8, 2020, 2:58:36 PM
2020.05.08 14:58:36 INFO  build tool exit: 0
2020.05.08 14:58:36 INFO  time: ran 'sbt bloopInstall' in 16s
2020.05.08 14:58:36 INFO  disconnected: build server
No more data in the client stdin, exiting...
Starting the bsp launcher for bloop...
Opening a bsp server connection with 'bsp --protocol local --socket /var/folders/cd/1wkmn_gn2d164ch7c66b_46h0000gn/T/bsp-launcher2473723321352462434/bsp.socket'...
Waiting for the bsp connection to come up...
No more data in the server stdin, exiting...
No more data in the server stdin, exiting...
[0m[32m[D][0m Loading workspace settings from bloop.settings.json
[0m[32m[D][0m Loading 2 projects from '/Users/objektwerks/workspace/scala.json/.bloop'...
[0m[32m[D][0m Loading project from '/Users/objektwerks/workspace/scala.json/.bloop/scala-json.json'
[0m[32m[D][0m Loading project from '/Users/objektwerks/workspace/scala.json/.bloop/scala-json-test.json'
[0m[32m[D][0m Configured SemanticDB in projects 'scala-json', 'scala-json-test'
[0m[32m[D][0m Waiting for a connection at local:///var/folders/cd/1wkmn_gn2d164ch7c66b_46h0000gn/T/bsp-launcher2473723321352462434/bsp.socket...
The server is listening for incoming connections at local:///var/folders/cd/1wkmn_gn2d164ch7c66b_46h0000gn/T/bsp-launcher2473723321352462434/bsp.socket...
Starting thread that pumps stdin and redirects it to the bsp server...
Starting thread that pumps server stdout and redirects it to the client stdout...
2020.05.08 14:58:36 INFO  tracing is disabled for protocol BSP, to enable tracing of incoming and outgoing JSON messages create an empty file at /Users/objektwerks/Library/Caches/org.scalameta.metals/bsp.trace.json
2020.05.08 14:58:36 INFO  Connected to Build server v1.4.0-RC1
2020.05.08 14:58:37 INFO  time: indexed workspace in 1.33s
2020.05.08 14:59:01 INFO  running '/Library/Java/JavaVirtualMachines/adoptopenjdk-11.jdk/Contents/Home/bin/java -Djline.terminal=jline.UnsupportedTerminal -Dsbt.log.noformat=true -Dfile.encoding=UTF-8 -jar /var/folders/cd/1wkmn_gn2d164ch7c66b_46h0000gn/T/metals1594483464898360443/sbt-launch.jar -Dbloop.export-jar-classifiers=sources bloopInstall'
2020.05.08 14:59:07 INFO  [info] Loading global plugins from /Users/objektwerks/.sbt/1.0/plugins
2020.05.08 14:59:08 INFO  [info] Loading settings for project scala-json-build from plugins.sbt,metals.sbt ...
2020.05.08 14:59:08 INFO  [info] Loading project definition from /Users/objektwerks/workspace/scala.json/project
2020.05.08 14:59:12 INFO  [info] Loading settings for project scala-json from build.sbt ...
2020.05.08 14:59:12 INFO  [info] Set current project to scala.json (in build file:/Users/objektwerks/workspace/scala.json/)
2020.05.08 14:59:16 INFO  [success] Generated .bloop/scala-json.json
2020.05.08 14:59:16 INFO  [success] Generated .bloop/scala-json-test.json
2020.05.08 14:59:16 INFO  [success] Total time: 3 s, completed May 8, 2020, 2:59:16 PM
2020.05.08 14:59:16 INFO  build tool exit: 0
2020.05.08 14:59:16 INFO  time: ran 'sbt bloopInstall' in 15s
2020.05.08 14:59:16 INFO  disconnected: build server
No more data in the client stdin, exiting...
Starting the bsp launcher for bloop...
No more data in the server stdin, exiting...
No more data in the server stdin, exiting...
Opening a bsp server connection with 'bsp --protocol local --socket /var/folders/cd/1wkmn_gn2d164ch7c66b_46h0000gn/T/bsp-launcher1146673026985419279/bsp.socket'...
Waiting for the bsp connection to come up...
[0m[32m[D][0m Loading workspace settings from bloop.settings.json
[0m[32m[D][0m Loading 2 projects from '/Users/objektwerks/workspace/scala.json/.bloop'...
[0m[32m[D][0m Loading project from '/Users/objektwerks/workspace/scala.json/.bloop/scala-json-test.json'
[0m[32m[D][0m Loading project from '/Users/objektwerks/workspace/scala.json/.bloop/scala-json.json'
[0m[32m[D][0m Configured SemanticDB in projects 'scala-json', 'scala-json-test'
[0m[32m[D][0m Waiting for a connection at local:///var/folders/cd/1wkmn_gn2d164ch7c66b_46h0000gn/T/bsp-launcher1146673026985419279/bsp.socket...
The server is listening for incoming connections at local:///var/folders/cd/1wkmn_gn2d164ch7c66b_46h0000gn/T/bsp-launcher1146673026985419279/bsp.socket...
Starting thread that pumps stdin and redirects it to the bsp server...
Starting thread that pumps server stdout and redirects it to the client stdout...
2020.05.08 14:59:16 INFO  tracing is disabled for protocol BSP, to enable tracing of incoming and outgoing JSON messages create an empty file at /Users/objektwerks/Library/Caches/org.scalameta.metals/bsp.trace.json
2020.05.08 14:59:16 INFO  Connected to Build server v1.4.0-RC1
2020.05.08 14:59:17 INFO  time: indexed workspace in 1.06s
2020.05.08 14:59:17 INFO  skipping build import with status 'Installed'
2020.05.08 14:59:48 INFO  running '/Library/Java/JavaVirtualMachines/adoptopenjdk-11.jdk/Contents/Home/bin/java -Djline.terminal=jline.UnsupportedTerminal -Dsbt.log.noformat=true -Dfile.encoding=UTF-8 -jar /var/folders/cd/1wkmn_gn2d164ch7c66b_46h0000gn/T/metals9770010853222036509/sbt-launch.jar -Dbloop.export-jar-classifiers=sources bloopInstall'
2020.05.08 14:59:53 INFO  [info] Loading global plugins from /Users/objektwerks/.sbt/1.0/plugins
2020.05.08 14:59:55 INFO  [info] Loading settings for project scala-json-build from plugins.sbt,metals.sbt ...
2020.05.08 14:59:55 INFO  [info] Loading project definition from /Users/objektwerks/workspace/scala.json/project
2020.05.08 14:59:59 INFO  [info] Loading settings for project scala-json from build.sbt ...
2020.05.08 14:59:59 INFO  [info] Set current project to scala.json (in build file:/Users/objektwerks/workspace/scala.json/)
2020.05.08 15:00:03 INFO  [success] Generated .bloop/scala-json.json
2020.05.08 15:00:03 INFO  [success] Generated .bloop/scala-json-test.json
2020.05.08 15:00:03 INFO  [success] Total time: 4 s, completed May 8, 2020, 3:00:03 PM
2020.05.08 15:00:03 INFO  build tool exit: 0
2020.05.08 15:00:03 INFO  time: ran 'sbt bloopInstall' in 15s
2020.05.08 15:00:03 INFO  disconnected: build server
No more data in the client stdin, exiting...
Starting the bsp launcher for bloop...
Opening a bsp server connection with 'bsp --protocol local --socket /var/folders/cd/1wkmn_gn2d164ch7c66b_46h0000gn/T/bsp-launcher13762681352530690934/bsp.socket'...
Waiting for the bsp connection to come up...
No more data in the server stdin, exiting...
No more data in the server stdin, exiting...
[0m[32m[D][0m Loading workspace settings from bloop.settings.json
[0m[32m[D][0m Loading 2 projects from '/Users/objektwerks/workspace/scala.json/.bloop'...
[0m[32m[D][0m Loading project from '/Users/objektwerks/workspace/scala.json/.bloop/scala-json.json'
[0m[32m[D][0m Loading project from '/Users/objektwerks/workspace/scala.json/.bloop/scala-json-test.json'
[0m[32m[D][0m Configured SemanticDB in projects 'scala-json-test', 'scala-json'
[0m[32m[D][0m Waiting for a connection at local:///var/folders/cd/1wkmn_gn2d164ch7c66b_46h0000gn/T/bsp-launcher13762681352530690934/bsp.socket...
The server is listening for incoming connections at local:///var/folders/cd/1wkmn_gn2d164ch7c66b_46h0000gn/T/bsp-launcher13762681352530690934/bsp.socket...
Starting thread that pumps stdin and redirects it to the bsp server...
Starting thread that pumps server stdout and redirects it to the client stdout...
2020.05.08 15:00:03 INFO  tracing is disabled for protocol BSP, to enable tracing of incoming and outgoing JSON messages create an empty file at /Users/objektwerks/Library/Caches/org.scalameta.metals/bsp.trace.json
2020.05.08 15:00:03 INFO  Connected to Build server v1.4.0-RC1
2020.05.08 15:00:06 INFO  time: indexed workspace in 2.46s
2020.05.08 15:00:22 INFO  skipping build import with status 'Installed'
2020.05.08 15:01:29 INFO  compiling scala-json-test (4 scala sources)
2020.05.08 15:01:36 INFO  time: compiled scala-json-test in 6.2s
2020.05.08 15:01:52 INFO  compiling scala-json-test (4 scala sources)
2020.05.08 15:02:04 INFO  time: compiled scala-json-test in 11s
2020.05.08 15:07:06 INFO  compiling scala-json-test (1 scala source)
2020.05.08 15:07:09 INFO  time: compiled scala-json-test in 3.52s
2020.05.08 15:09:40 INFO  compiling scala-json-test (1 scala source)
2020.05.08 15:09:42 INFO  time: compiled scala-json-test in 2.18s
